2014819 11:24 В записе с MFN=1 перевод на текущий учебный год уже осуществленн
2014819 11:24 В записе с MFN=2 перевод на текущий учебный год уже осуществленн
2014819 11:24 В записе с MFN=3 перевод на текущий учебный год уже осуществленн
2014819 11:24 В записе с MFN=4 перевод на текущий учебный год уже осуществленн
2014819 11:24 В записе с MFN=5 перевод на текущий учебный год уже осуществленн
2014819 11:24 ###############################
2014819 11:24 Читаем запись с MFN=1
2014819 11:24 Старое значение #19: 3в (2014-2015)
2014819 11:24 Новое значение  #19: 4в (2015-2016)
2014819 11:24 Поле 19 в записи с MFN=1 изменено
2014819 11:24 ###############################
2014819 11:24 Читаем запись с MFN=2
2014819 11:24 Старое значение #19: 5в (2014-2015)
2014819 11:24 Новое значение  #19: 6в (2015-2016)
2014819 11:24 Поле 19 в записи с MFN=2 изменено
2014819 11:24 ###############################
2014819 11:24 Читаем запись с MFN=3
2014819 11:24 Старое значение #19: 6в (2014-2015)
2014819 11:24 Новое значение  #19: 7в (2015-2016)
2014819 11:24 Поле 19 в записи с MFN=3 изменено
2014819 11:24 ###############################
2014819 11:24 Читаем запись с MFN=4
2014819 11:24 Старое значение #19: 11а (2014-2015)
2014819 11:24 Новое значение  #19: Выпускник (2015-2016)
2014819 11:24 Поле 19 в записи с MFN=4 изменено
2014819 11:24 ###############################
2014819 11:24 Читаем запись с MFN=5
2014819 11:24 Старое значение #19: 2В (2014-2015)
2014819 11:24 Новое значение  #19: 3В (2015-2016)
2014819 11:24 Поле 19 в записи с MFN=5 изменено
2014819 11:27 ###############################
2014819 11:27 Читаем запись с MFN=1
2014819 11:27 Старое значение #19: 4в (2015-2016)
2014819 11:27 Новое значение  #19: 5в (2014-2015)
2014819 11:27 Поле 19 в записи с MFN=1 изменено
2014819 11:27 ###############################
2014819 11:27 Читаем запись с MFN=2
2014819 11:27 Старое значение #19: 6в (2015-2016)
2014819 11:27 Новое значение  #19: 7в (2014-2015)
2014819 11:27 Поле 19 в записи с MFN=2 изменено
2014819 11:27 ###############################
2014819 11:27 Читаем запись с MFN=3
2014819 11:27 Старое значение #19: 7в (2015-2016)
2014819 11:27 Новое значение  #19: 8в (2014-2015)
2014819 11:27 Поле 19 в записи с MFN=3 изменено
2014819 11:27 В записе с MFN=4 неправильно заполнено поле 19
2014819 11:27 ###############################
2014819 11:27 Читаем запись с MFN=5
2014819 11:27 Старое значение #19: 3В (2015-2016)
2014819 11:27 Новое значение  #19: 4В (2014-2015)
2014819 11:27 Поле 19 в записи с MFN=5 изменено
2014819 11:28 ###############################
2014819 11:28 Читаем запись с MFN=1
2014819 11:28 Старое значение #19: 5в (2014-2015)
2014819 11:28 Новое значение  #19: 6в (2013-2014)
2014819 11:28 Поле 19 в записи с MFN=1 изменено
2014819 11:28 ###############################
2014819 11:28 Читаем запись с MFN=2
2014819 11:28 Старое значение #19: 7в (2014-2015)
2014819 11:28 Новое значение  #19: 8в (2013-2014)
2014819 11:28 Поле 19 в записи с MFN=2 изменено
2014819 11:28 ###############################
2014819 11:28 Читаем запись с MFN=3
2014819 11:28 Старое значение #19: 8в (2014-2015)
2014819 11:28 Новое значение  #19: 9в (2013-2014)
2014819 11:28 Поле 19 в записи с MFN=3 изменено
2014819 11:28 В записе с MFN=4 неправильно заполнено поле 19
2014819 11:28 ###############################
2014819 11:28 Читаем запись с MFN=5
2014819 11:28 Старое значение #19: 4В (2014-2015)
2014819 11:28 Новое значение  #19: 5В (2013-2014)
2014819 11:28 Поле 19 в записи с MFN=5 изменено
2014819 11:28 ###############################
2014819 11:28 Читаем запись с MFN=6
2014819 11:28 Старое значение #19: 3в (2014-2015)
2014819 11:28 Новое значение  #19: 4в (2013-2014)
2014819 11:28 Поле 19 в записи с MFN=6 изменено
2014819 11:28 ###############################
2014819 11:28 Читаем запись с MFN=7
2014819 11:28 Старое значение #19: 8б (2014-2015)
2014819 11:28 Новое значение  #19: 9б (2013-2014)
2014819 11:28 Поле 19 в записи с MFN=7 изменено
2014819 11:28 ###############################
2014819 11:28 Читаем запись с MFN=8
2014819 11:28 Старое значение #19: 10а (2014-2015)
2014819 11:28 Новое значение  #19: 11а (2013-2014)
2014819 11:28 Поле 19 в записи с MFN=8 изменено
2014819 11:28 ###############################
2014819 11:28 Читаем запись с MFN=9
2014819 11:28 Старое значение #19: 6в (2014-2015)
2014819 11:28 Новое значение  #19: 7в (2013-2014)
2014819 11:28 Поле 19 в записи с MFN=9 изменено
2014819 11:28 ###############################
2014819 11:28 Читаем запись с MFN=10
2014819 11:28 Старое значение #19: 4е (2014-2015)
2014819 11:28 Новое значение  #19: 5е (2013-2014)
2014819 11:28 Поле 19 в записи с MFN=10 изменено
2014819 11:28 ###############################
2014819 11:28 Читаем запись с MFN=11
2014819 11:28 Старое значение #19: 2Б (2014-2015)
2014819 11:28 Новое значение  #19: 3Б (2013-2014)
2014819 11:28 Поле 19 в записи с MFN=11 изменено
2014819 11:28 ###############################
2014819 11:28 Читаем запись с MFN=12
2014819 11:28 Старое значение #19: 6г (2014-2015)
2014819 11:28 Новое значение  #19: 7г (2013-2014)
2014819 11:28 Поле 19 в записи с MFN=12 изменено
2014819 11:28 ###############################
2014819 11:28 Читаем запись с MFN=13
2014819 11:28 Старое значение #19: 8б (2014-2015)
2014819 11:28 Новое значение  #19: 9б (2013-2014)
2014819 11:28 Поле 19 в записи с MFN=13 изменено
2014819 11:28 ###############################
2014819 11:28 Читаем запись с MFN=14
2014819 11:28 Старое значение #19: 3б (2014-2015)
2014819 11:28 Новое значение  #19: 4б (2013-2014)
2014819 11:28 Поле 19 в записи с MFN=14 изменено
2014819 11:28 ###############################
2014819 11:28 Читаем запись с MFN=15
2014819 11:28 Старое значение #19: 3в (2014-2015)
2014819 11:28 Новое значение  #19: 4в (2013-2014)
2014819 11:28 Поле 19 в записи с MFN=15 изменено
2014819 11:28 ###############################
2014819 11:28 Читаем запись с MFN=16
2014819 11:28 Старое значение #19: 2В (2014-2015)
2014819 11:28 Новое значение  #19: 3В (2013-2014)
2014819 11:28 Поле 19 в записи с MFN=16 изменено
2014819 11:28 ###############################
2014819 11:28 Читаем запись с MFN=17
2014819 11:28 Старое значение #19: 3е (2014-2015)
2014819 11:28 Новое значение  #19: 4е (2013-2014)
2014819 11:28 Поле 19 в записи с MFN=17 изменено
2014819 11:28 ###############################
2014819 11:28 Читаем запись с MFN=18
2014819 11:28 Старое значение #19: 7б (2014-2015)
2014819 11:28 Новое значение  #19: 8б (2013-2014)
2014819 11:28 Поле 19 в записи с MFN=18 изменено
2014819 11:28 ###############################
2014819 11:28 Читаем запись с MFN=19
2014819 11:28 Старое значение #19: 4д (2014-2015)
2014819 11:28 Новое значение  #19: 5д (2013-2014)
2014819 11:28 Поле 19 в записи с MFN=19 изменено
2014819 11:28 ###############################
2014819 11:28 Читаем запись с MFN=20
2014819 11:28 Старое значение #19: 9в (2014-2015)
2014819 11:28 Новое значение  #19: 10в (2013-2014)
2014819 11:28 Поле 19 в записи с MFN=20 изменено
2014819 11:28 При подключении к сереру Ирбиса возникла ошибка (-1)
2014819 11:28 ###############################
2014819 11:28 Читаем запись с MFN=1
2014819 11:28 Старое значение #19: 6в (2013-2014)
2014819 11:28 Новое значение  #19: 7в (2014-2015)
2014819 11:28 Поле 19 в записи с MFN=1 изменено
2014819 11:28 ###############################
2014819 11:28 Читаем запись с MFN=2
2014819 11:28 Старое значение #19: 8в (2013-2014)
2014819 11:28 Новое значение  #19: 9в (2014-2015)
2014819 11:28 Поле 19 в записи с MFN=2 изменено
2014819 11:28 ###############################
2014819 11:28 Читаем запись с MFN=3
2014819 11:28 Старое значение #19: 9в (2013-2014)
2014819 11:28 Новое значение  #19: 10в (2014-2015)
2014819 11:28 Поле 19 в записи с MFN=3 изменено
2014819 11:28 В записе с MFN=4 неправильно заполнено поле 19
2014819 11:28 ###############################
2014819 11:28 Читаем запись с MFN=5
2014819 11:28 Старое значение #19: 5В (2013-2014)
2014819 11:28 Новое значение  #19: 6В (2014-2015)
2014819 11:28 Поле 19 в записи с MFN=5 изменено
2014819 11:28 ###############################
2014819 11:28 Читаем запись с MFN=6
2014819 11:28 Старое значение #19: 4в (2013-2014)
2014819 11:28 Новое значение  #19: 5в (2014-2015)
2014819 11:28 Поле 19 в записи с MFN=6 изменено
2014819 11:28 ###############################
2014819 11:28 Читаем запись с MFN=7
2014819 11:28 Старое значение #19: 9б (2013-2014)
2014819 11:28 Новое значение  #19: 10б (2014-2015)
2014819 11:28 Поле 19 в записи с MFN=7 изменено
2014819 11:28 ###############################
2014819 11:28 Читаем запись с MFN=8
2014819 11:28 Старое значение #19: 11а (2013-2014)
2014819 11:28 Новое значение  #19: Выпускник (2014-2015)
2014819 11:28 Поле 19 в записи с MFN=8 изменено
2014819 11:28 ###############################
2014819 11:28 Читаем запись с MFN=9
2014819 11:28 Старое значение #19: 7в (2013-2014)
2014819 11:28 Новое значение  #19: 8в (2014-2015)
2014819 11:28 Поле 19 в записи с MFN=9 изменено
2014819 11:28 ###############################
2014819 11:28 Читаем запись с MFN=10
2014819 11:28 Старое значение #19: 5е (2013-2014)
2014819 11:28 Новое значение  #19: 6е (2014-2015)
2014819 11:28 Поле 19 в записи с MFN=10 изменено
2014819 11:28 ###############################
2014819 11:28 Читаем запись с MFN=11
2014819 11:28 Старое значение #19: 3Б (2013-2014)
2014819 11:28 Новое значение  #19: 4Б (2014-2015)
2014819 11:28 Поле 19 в записи с MFN=11 изменено
2014819 11:28 ###############################
2014819 11:28 Читаем запись с MFN=12
2014819 11:28 Старое значение #19: 7г (2013-2014)
2014819 11:28 Новое значение  #19: 8г (2014-2015)
2014819 11:28 Поле 19 в записи с MFN=12 изменено
2014819 11:28 ###############################
2014819 11:28 Читаем запись с MFN=13
2014819 11:28 Старое значение #19: 9б (2013-2014)
2014819 11:28 Новое значение  #19: 10б (2014-2015)
2014819 11:28 Поле 19 в записи с MFN=13 изменено
2014819 11:28 ###############################
2014819 11:28 Читаем запись с MFN=14
2014819 11:28 Старое значение #19: 4б (2013-2014)
2014819 11:28 Новое значение  #19: 5б (2014-2015)
2014819 11:28 Поле 19 в записи с MFN=14 изменено
2014819 11:28 ###############################
2014819 11:28 Читаем запись с MFN=15
2014819 11:28 Старое значение #19: 4в (2013-2014)
2014819 11:28 Новое значение  #19: 5в (2014-2015)
2014819 11:28 Поле 19 в записи с MFN=15 изменено
2014819 11:28 ###############################
2014819 11:28 Читаем запись с MFN=16
2014819 11:28 Старое значение #19: 3В (2013-2014)
2014819 11:28 Новое значение  #19: 4В (2014-2015)
2014819 11:28 Поле 19 в записи с MFN=16 изменено
2014819 11:28 ###############################
2014819 11:28 Читаем запись с MFN=17
2014819 11:28 Старое значение #19: 4е (2013-2014)
2014819 11:28 Новое значение  #19: 5е (2014-2015)
2014819 11:28 Поле 19 в записи с MFN=17 изменено
2014819 11:28 ###############################
2014819 11:28 Читаем запись с MFN=18
2014819 11:28 Старое значение #19: 8б (2013-2014)
2014819 11:28 Новое значение  #19: 9б (2014-2015)
2014819 11:28 Поле 19 в записи с MFN=18 изменено
2014819 11:28 ###############################
2014819 11:28 Читаем запись с MFN=19
2014819 11:28 Старое значение #19: 5д (2013-2014)
2014819 11:28 Новое значение  #19: 6д (2014-2015)
2014819 11:28 Поле 19 в записи с MFN=19 изменено
2014819 11:28 ###############################
2014819 11:28 Читаем запись с MFN=20
2014819 11:28 Старое значение #19: 10в (2013-2014)
2014819 11:28 Новое значение  #19: 11в (2014-2015)
2014819 11:28 Поле 19 в записи с MFN=20 изменено
