2014122 23:46 В записе с MFN=4 перевод на текущий учебный год уже осуществленн
2014122 23:46 В записе с MFN=5 перевод на текущий учебный год уже осуществленн
2014122 23:46 В записе с MFN=6 перевод на текущий учебный год уже осуществленн
2014122 23:46 В записе с MFN=7 перевод на текущий учебный год уже осуществленн
2014122 23:46 В записе с MFN=8 перевод на текущий учебный год уже осуществленн
2014122 23:46 В записе с MFN=9 перевод на текущий учебный год уже осуществленн
2014122 23:46 В записе с MFN=10 перевод на текущий учебный год уже осуществленн
2014122 23:46 В записе с MFN=11 перевод на текущий учебный год уже осуществленн
2014122 23:46 В записе с MFN=12 перевод на текущий учебный год уже осуществленн
2014122 23:46 В записе с MFN=13 перевод на текущий учебный год уже осуществленн
2014122 23:46 В записе с MFN=14 перевод на текущий учебный год уже осуществленн
2014122 23:46 В записе с MFN=15 перевод на текущий учебный год уже осуществленн
2014122 23:46 В записе с MFN=16 перевод на текущий учебный год уже осуществленн
2014122 23:46 В записе с MFN=17 перевод на текущий учебный год уже осуществленн
2014122 23:46 В записе с MFN=18 перевод на текущий учебный год уже осуществленн
2014122 23:46 В записе с MFN=19 перевод на текущий учебный год уже осуществленн
2014122 23:46 В записе с MFN=20 перевод на текущий учебный год уже осуществленн
2014122 23:46 В записе с MFN=21 перевод на текущий учебный год уже осуществленн
2014122 23:46 В записе с MFN=22 перевод на текущий учебный год уже осуществленн
2014122 23:46 В записе с MFN=23 перевод на текущий учебный год уже осуществленн
2014122 23:46 В записе с MFN=24 перевод на текущий учебный год уже осуществленн
2014122 23:46 В записе с MFN=25 перевод на текущий учебный год уже осуществленн
2014122 23:46 В записе с MFN=26 перевод на текущий учебный год уже осуществленн
2014122 23:46 В записе с MFN=27 перевод на текущий учебный год уже осуществленн
2014122 23:46 В записе с MFN=28 перевод на текущий учебный год уже осуществленн
2014122 23:46 В записе с MFN=29 перевод на текущий учебный год уже осуществленн
2014122 23:46 В записе с MFN=30 перевод на текущий учебный год уже осуществленн
2014122 23:46 В записе с MFN=31 перевод на текущий учебный год уже осуществленн
2014122 23:46 В записе с MFN=32 перевод на текущий учебный год уже осуществленн
2014122 23:46 В записе с MFN=33 перевод на текущий учебный год уже осуществленн
2014122 23:46 В записе с MFN=34 перевод на текущий учебный год уже осуществленн
2014122 23:46 В записе с MFN=35 перевод на текущий учебный год уже осуществленн
2014122 23:46 В записе с MFN=36 перевод на текущий учебный год уже осуществленн
2014122 23:46 В записе с MFN=37 перевод на текущий учебный год уже осуществленн
2014122 23:46 В записе с MFN=38 перевод на текущий учебный год уже осуществленн
2014122 23:46 В записе с MFN=39 перевод на текущий учебный год уже осуществленн
2014122 23:46 В записе с MFN=40 перевод на текущий учебный год уже осуществленн
2014122 23:46 В записе с MFN=41 перевод на текущий учебный год уже осуществленн
2014122 23:46 В записе с MFN=42 перевод на текущий учебный год уже осуществленн
2014122 23:46 В записе с MFN=43 перевод на текущий учебный год уже осуществленн
2014122 23:46 В записе с MFN=44 перевод на текущий учебный год уже осуществленн
2014122 23:46 В записе с MFN=45 перевод на текущий учебный год уже осуществленн
2014122 23:46 В записе с MFN=46 перевод на текущий учебный год уже осуществленн
2014122 23:46 В записе с MFN=47 перевод на текущий учебный год уже осуществленн
2014122 23:46 В записе с MFN=48 перевод на текущий учебный год уже осуществленн
2014122 23:46 В записе с MFN=49 перевод на текущий учебный год уже осуществленн
2014122 23:46 В записе с MFN=50 перевод на текущий учебный год уже осуществленн
2014122 23:46 В записе с MFN=51 перевод на текущий учебный год уже осуществленн
2014122 23:46 В записе с MFN=52 перевод на текущий учебный год уже осуществленн
2014122 23:46 В записе с MFN=53 перевод на текущий учебный год уже осуществленн
2014122 23:46 В записе с MFN=54 перевод на текущий учебный год уже осуществленн
2014122 23:46 В записе с MFN=55 перевод на текущий учебный год уже осуществленн
2014122 23:46 В записе с MFN=56 перевод на текущий учебный год уже осуществленн
2014122 23:46 В записе с MFN=57 перевод на текущий учебный год уже осуществленн
2014122 23:46 В записе с MFN=58 перевод на текущий учебный год уже осуществленн
2014122 23:46 В записе с MFN=59 перевод на текущий учебный год уже осуществленн
2014122 23:46 В записе с MFN=60 перевод на текущий учебный год уже осуществленн
2014122 23:46 В записе с MFN=61 перевод на текущий учебный год уже осуществленн
2014122 23:46 В записе с MFN=62 перевод на текущий учебный год уже осуществленн
2014122 23:46 В записе с MFN=63 перевод на текущий учебный год уже осуществленн
2014122 23:46 В записе с MFN=64 перевод на текущий учебный год уже осуществленн
2014122 23:46 В записе с MFN=65 перевод на текущий учебный год уже осуществленн
2014122 23:46 В записе с MFN=66 перевод на текущий учебный год уже осуществленн
2014122 23:46 В записе с MFN=67 перевод на текущий учебный год уже осуществленн
2014122 23:46 В записе с MFN=68 перевод на текущий учебный год уже осуществленн
2014122 23:46 В записе с MFN=69 перевод на текущий учебный год уже осуществленн
2014122 23:46 В записе с MFN=70 перевод на текущий учебный год уже осуществленн
2014122 23:46 В записе с MFN=71 перевод на текущий учебный год уже осуществленн
2014122 23:46 В записе с MFN=72 перевод на текущий учебный год уже осуществленн
2014122 23:46 В записе с MFN=73 перевод на текущий учебный год уже осуществленн
2014122 23:46 В записе с MFN=74 перевод на текущий учебный год уже осуществленн
2014122 23:46 В записе с MFN=75 перевод на текущий учебный год уже осуществленн
2014122 23:46 В записе с MFN=76 перевод на текущий учебный год уже осуществленн
2014122 23:46 В записе с MFN=77 перевод на текущий учебный год уже осуществленн
2014122 23:46 В записе с MFN=78 перевод на текущий учебный год уже осуществленн
2014122 23:46 В записе с MFN=79 перевод на текущий учебный год уже осуществленн
2014122 23:46 В записе с MFN=80 перевод на текущий учебный год уже осуществленн
2014122 23:46 В записе с MFN=81 перевод на текущий учебный год уже осуществленн
2014122 23:46 В записе с MFN=82 перевод на текущий учебный год уже осуществленн
2014122 23:46 В записе с MFN=83 перевод на текущий учебный год уже осуществленн
2014122 23:46 В записе с MFN=84 перевод на текущий учебный год уже осуществленн
2014122 23:46 В записе с MFN=85 перевод на текущий учебный год уже осуществленн
2014122 23:46 В записе с MFN=86 перевод на текущий учебный год уже осуществленн
2014122 23:46 В записе с MFN=87 перевод на текущий учебный год уже осуществленн
2014122 23:46 В записе с MFN=88 перевод на текущий учебный год уже осуществленн
2014122 23:46 В записе с MFN=89 перевод на текущий учебный год уже осуществленн
2014122 23:46 В записе с MFN=90 перевод на текущий учебный год уже осуществленн
2014122 23:46 В записе с MFN=91 перевод на текущий учебный год уже осуществленн
2014122 23:46 В записе с MFN=92 перевод на текущий учебный год уже осуществленн
2014122 23:46 В записе с MFN=93 перевод на текущий учебный год уже осуществленн
2014122 23:46 В записе с MFN=94 перевод на текущий учебный год уже осуществленн
2014122 23:46 В записе с MFN=95 перевод на текущий учебный год уже осуществленн
2014122 23:46 В записе с MFN=96 перевод на текущий учебный год уже осуществленн
2014122 23:46 В записе с MFN=97 перевод на текущий учебный год уже осуществленн
2014122 23:46 В записе с MFN=98 перевод на текущий учебный год уже осуществленн
2014122 23:46 В записе с MFN=99 перевод на текущий учебный год уже осуществленн
2014122 23:46 В записе с MFN=100 перевод на текущий учебный год уже осуществленн
2014122 23:46 В записе с MFN=101 перевод на текущий учебный год уже осуществленн
2014122 23:46 В записе с MFN=102 перевод на текущий учебный год уже осуществленн
2014122 23:46 В записе с MFN=103 перевод на текущий учебный год уже осуществленн
2014122 23:46 В записе с MFN=104 перевод на текущий учебный год уже осуществленн
2014122 23:46 В записе с MFN=105 перевод на текущий учебный год уже осуществленн
2014122 23:46 В записе с MFN=106 перевод на текущий учебный год уже осуществленн
2014122 23:46 В записе с MFN=107 перевод на текущий учебный год уже осуществленн
2014122 23:46 В записе с MFN=108 перевод на текущий учебный год уже осуществленн
2014122 23:46 В записе с MFN=109 перевод на текущий учебный год уже осуществленн
2014122 23:46 В записе с MFN=110 перевод на текущий учебный год уже осуществленн
2014122 23:46 В записе с MFN=111 перевод на текущий учебный год уже осуществленн
2014122 23:46 В записе с MFN=112 перевод на текущий учебный год уже осуществленн
2014122 23:46 В записе с MFN=113 перевод на текущий учебный год уже осуществленн
2014122 23:46 В записе с MFN=114 перевод на текущий учебный год уже осуществленн
2014122 23:46 В записе с MFN=115 перевод на текущий учебный год уже осуществленн
2014122 23:46 В записе с MFN=116 перевод на текущий учебный год уже осуществленн
2014122 23:47 В записе с MFN=4 перевод на текущий учебный год уже осуществленн
2014122 23:47 В записе с MFN=5 перевод на текущий учебный год уже осуществленн
2014122 23:47 В записе с MFN=6 перевод на текущий учебный год уже осуществленн
2014122 23:47 В записе с MFN=7 перевод на текущий учебный год уже осуществленн
2014122 23:47 В записе с MFN=8 перевод на текущий учебный год уже осуществленн
2014122 23:47 В записе с MFN=9 перевод на текущий учебный год уже осуществленн
2014122 23:47 В записе с MFN=10 перевод на текущий учебный год уже осуществленн
2014122 23:47 В записе с MFN=11 перевод на текущий учебный год уже осуществленн
2014122 23:47 В записе с MFN=12 перевод на текущий учебный год уже осуществленн
2014122 23:47 В записе с MFN=13 перевод на текущий учебный год уже осуществленн
2014122 23:47 В записе с MFN=14 перевод на текущий учебный год уже осуществленн
2014122 23:47 В записе с MFN=15 перевод на текущий учебный год уже осуществленн
2014122 23:47 В записе с MFN=16 перевод на текущий учебный год уже осуществленн
2014122 23:47 В записе с MFN=17 перевод на текущий учебный год уже осуществленн
2014122 23:47 В записе с MFN=18 перевод на текущий учебный год уже осуществленн
2014122 23:47 В записе с MFN=19 перевод на текущий учебный год уже осуществленн
2014122 23:47 В записе с MFN=20 перевод на текущий учебный год уже осуществленн
2014122 23:47 В записе с MFN=21 перевод на текущий учебный год уже осуществленн
2014122 23:47 В записе с MFN=22 перевод на текущий учебный год уже осуществленн
2014122 23:47 В записе с MFN=23 перевод на текущий учебный год уже осуществленн
2014122 23:47 В записе с MFN=24 перевод на текущий учебный год уже осуществленн
2014122 23:47 В записе с MFN=25 перевод на текущий учебный год уже осуществленн
2014122 23:47 В записе с MFN=26 перевод на текущий учебный год уже осуществленн
2014122 23:47 В записе с MFN=27 перевод на текущий учебный год уже осуществленн
2014122 23:47 В записе с MFN=28 перевод на текущий учебный год уже осуществленн
2014122 23:47 В записе с MFN=29 перевод на текущий учебный год уже осуществленн
2014122 23:47 В записе с MFN=30 перевод на текущий учебный год уже осуществленн
2014122 23:47 В записе с MFN=31 перевод на текущий учебный год уже осуществленн
2014122 23:47 В записе с MFN=32 перевод на текущий учебный год уже осуществленн
2014122 23:47 В записе с MFN=33 перевод на текущий учебный год уже осуществленн
2014122 23:47 В записе с MFN=34 перевод на текущий учебный год уже осуществленн
2014122 23:47 В записе с MFN=35 перевод на текущий учебный год уже осуществленн
2014122 23:47 В записе с MFN=36 перевод на текущий учебный год уже осуществленн
2014122 23:47 В записе с MFN=37 перевод на текущий учебный год уже осуществленн
2014122 23:47 В записе с MFN=38 перевод на текущий учебный год уже осуществленн
2014122 23:47 В записе с MFN=39 перевод на текущий учебный год уже осуществленн
2014122 23:47 В записе с MFN=40 перевод на текущий учебный год уже осуществленн
2014122 23:47 В записе с MFN=41 перевод на текущий учебный год уже осуществленн
2014122 23:47 В записе с MFN=42 перевод на текущий учебный год уже осуществленн
2014122 23:47 В записе с MFN=43 перевод на текущий учебный год уже осуществленн
2014122 23:47 В записе с MFN=44 перевод на текущий учебный год уже осуществленн
2014122 23:47 В записе с MFN=45 перевод на текущий учебный год уже осуществленн
2014122 23:47 В записе с MFN=46 перевод на текущий учебный год уже осуществленн
2014122 23:47 В записе с MFN=47 перевод на текущий учебный год уже осуществленн
2014122 23:47 В записе с MFN=48 перевод на текущий учебный год уже осуществленн
2014122 23:47 В записе с MFN=49 перевод на текущий учебный год уже осуществленн
2014122 23:47 В записе с MFN=50 перевод на текущий учебный год уже осуществленн
2014122 23:47 В записе с MFN=51 перевод на текущий учебный год уже осуществленн
2014122 23:47 В записе с MFN=52 перевод на текущий учебный год уже осуществленн
2014122 23:47 В записе с MFN=53 перевод на текущий учебный год уже осуществленн
2014122 23:47 В записе с MFN=54 перевод на текущий учебный год уже осуществленн
2014122 23:47 В записе с MFN=55 перевод на текущий учебный год уже осуществленн
2014122 23:47 В записе с MFN=56 перевод на текущий учебный год уже осуществленн
2014122 23:47 В записе с MFN=57 перевод на текущий учебный год уже осуществленн
2014122 23:47 В записе с MFN=58 перевод на текущий учебный год уже осуществленн
2014122 23:47 В записе с MFN=59 перевод на текущий учебный год уже осуществленн
2014122 23:47 В записе с MFN=60 перевод на текущий учебный год уже осуществленн
2014122 23:47 В записе с MFN=61 перевод на текущий учебный год уже осуществленн
2014122 23:47 В записе с MFN=62 перевод на текущий учебный год уже осуществленн
2014122 23:47 В записе с MFN=63 перевод на текущий учебный год уже осуществленн
2014122 23:47 В записе с MFN=64 перевод на текущий учебный год уже осуществленн
2014122 23:47 В записе с MFN=65 перевод на текущий учебный год уже осуществленн
2014122 23:47 В записе с MFN=66 перевод на текущий учебный год уже осуществленн
2014122 23:47 В записе с MFN=67 перевод на текущий учебный год уже осуществленн
2014122 23:47 В записе с MFN=68 перевод на текущий учебный год уже осуществленн
2014122 23:47 В записе с MFN=69 перевод на текущий учебный год уже осуществленн
2014122 23:47 В записе с MFN=70 перевод на текущий учебный год уже осуществленн
2014122 23:47 В записе с MFN=71 перевод на текущий учебный год уже осуществленн
2014122 23:47 В записе с MFN=72 перевод на текущий учебный год уже осуществленн
2014122 23:47 В записе с MFN=73 перевод на текущий учебный год уже осуществленн
2014122 23:47 В записе с MFN=74 перевод на текущий учебный год уже осуществленн
2014122 23:47 В записе с MFN=75 перевод на текущий учебный год уже осуществленн
2014122 23:47 В записе с MFN=76 перевод на текущий учебный год уже осуществленн
2014122 23:47 В записе с MFN=77 перевод на текущий учебный год уже осуществленн
2014122 23:47 В записе с MFN=78 перевод на текущий учебный год уже осуществленн
2014122 23:47 В записе с MFN=79 перевод на текущий учебный год уже осуществленн
2014122 23:47 В записе с MFN=80 перевод на текущий учебный год уже осуществленн
2014122 23:47 В записе с MFN=81 перевод на текущий учебный год уже осуществленн
2014122 23:47 В записе с MFN=82 перевод на текущий учебный год уже осуществленн
2014122 23:47 В записе с MFN=83 перевод на текущий учебный год уже осуществленн
2014122 23:47 В записе с MFN=84 перевод на текущий учебный год уже осуществленн
2014122 23:47 В записе с MFN=85 перевод на текущий учебный год уже осуществленн
2014122 23:47 В записе с MFN=86 перевод на текущий учебный год уже осуществленн
2014122 23:47 В записе с MFN=87 перевод на текущий учебный год уже осуществленн
2014122 23:47 В записе с MFN=88 перевод на текущий учебный год уже осуществленн
2014122 23:47 В записе с MFN=89 перевод на текущий учебный год уже осуществленн
2014122 23:47 В записе с MFN=90 перевод на текущий учебный год уже осуществленн
2014122 23:47 В записе с MFN=91 перевод на текущий учебный год уже осуществленн
2014122 23:47 В записе с MFN=92 перевод на текущий учебный год уже осуществленн
2014122 23:47 В записе с MFN=93 перевод на текущий учебный год уже осуществленн
2014122 23:47 В записе с MFN=94 перевод на текущий учебный год уже осуществленн
2014122 23:47 В записе с MFN=95 перевод на текущий учебный год уже осуществленн
2014122 23:47 В записе с MFN=96 перевод на текущий учебный год уже осуществленн
2014122 23:47 В записе с MFN=97 перевод на текущий учебный год уже осуществленн
2014122 23:47 В записе с MFN=98 перевод на текущий учебный год уже осуществленн
2014122 23:47 В записе с MFN=99 перевод на текущий учебный год уже осуществленн
2014122 23:47 В записе с MFN=100 перевод на текущий учебный год уже осуществленн
2014122 23:47 В записе с MFN=101 перевод на текущий учебный год уже осуществленн
2014122 23:47 В записе с MFN=102 перевод на текущий учебный год уже осуществленн
2014122 23:47 В записе с MFN=103 перевод на текущий учебный год уже осуществленн
2014122 23:47 В записе с MFN=104 перевод на текущий учебный год уже осуществленн
2014122 23:47 В записе с MFN=105 перевод на текущий учебный год уже осуществленн
2014122 23:47 В записе с MFN=106 перевод на текущий учебный год уже осуществленн
2014122 23:47 В записе с MFN=107 перевод на текущий учебный год уже осуществленн
2014122 23:47 В записе с MFN=108 перевод на текущий учебный год уже осуществленн
2014122 23:47 В записе с MFN=109 перевод на текущий учебный год уже осуществленн
2014122 23:47 В записе с MFN=110 перевод на текущий учебный год уже осуществленн
2014122 23:47 В записе с MFN=111 перевод на текущий учебный год уже осуществленн
2014122 23:47 В записе с MFN=112 перевод на текущий учебный год уже осуществленн
2014122 23:47 В записе с MFN=113 перевод на текущий учебный год уже осуществленн
2014122 23:47 В записе с MFN=114 перевод на текущий учебный год уже осуществленн
2014122 23:47 В записе с MFN=115 перевод на текущий учебный год уже осуществленн
2014122 23:47 В записе с MFN=116 перевод на текущий учебный год уже осуществленн
2014122 23:48 В записе с MFN=4 перевод на текущий учебный год уже осуществленн
2014122 23:48 В записе с MFN=5 перевод на текущий учебный год уже осуществленн
2014122 23:48 В записе с MFN=6 перевод на текущий учебный год уже осуществленн
2014122 23:48 В записе с MFN=7 перевод на текущий учебный год уже осуществленн
2014122 23:48 В записе с MFN=8 перевод на текущий учебный год уже осуществленн
2014122 23:48 В записе с MFN=9 перевод на текущий учебный год уже осуществленн
2014122 23:48 В записе с MFN=10 перевод на текущий учебный год уже осуществленн
2014122 23:48 В записе с MFN=11 перевод на текущий учебный год уже осуществленн
2014122 23:48 В записе с MFN=12 перевод на текущий учебный год уже осуществленн
2014122 23:48 В записе с MFN=13 перевод на текущий учебный год уже осуществленн
2014122 23:48 В записе с MFN=14 перевод на текущий учебный год уже осуществленн
2014122 23:48 В записе с MFN=15 перевод на текущий учебный год уже осуществленн
2014122 23:48 В записе с MFN=16 перевод на текущий учебный год уже осуществленн
2014122 23:48 В записе с MFN=17 перевод на текущий учебный год уже осуществленн
2014122 23:48 В записе с MFN=18 перевод на текущий учебный год уже осуществленн
2014122 23:48 В записе с MFN=19 перевод на текущий учебный год уже осуществленн
2014122 23:48 В записе с MFN=20 перевод на текущий учебный год уже осуществленн
2014122 23:48 В записе с MFN=21 перевод на текущий учебный год уже осуществленн
2014122 23:48 В записе с MFN=22 перевод на текущий учебный год уже осуществленн
2014122 23:48 В записе с MFN=23 перевод на текущий учебный год уже осуществленн
2014122 23:48 В записе с MFN=24 перевод на текущий учебный год уже осуществленн
2014122 23:48 В записе с MFN=25 перевод на текущий учебный год уже осуществленн
2014122 23:48 В записе с MFN=26 перевод на текущий учебный год уже осуществленн
2014122 23:48 В записе с MFN=27 перевод на текущий учебный год уже осуществленн
2014122 23:48 В записе с MFN=28 перевод на текущий учебный год уже осуществленн
2014122 23:48 В записе с MFN=29 перевод на текущий учебный год уже осуществленн
2014122 23:48 В записе с MFN=30 перевод на текущий учебный год уже осуществленн
2014122 23:48 В записе с MFN=31 перевод на текущий учебный год уже осуществленн
2014122 23:48 В записе с MFN=32 перевод на текущий учебный год уже осуществленн
2014122 23:48 В записе с MFN=33 перевод на текущий учебный год уже осуществленн
2014122 23:48 В записе с MFN=34 перевод на текущий учебный год уже осуществленн
2014122 23:48 В записе с MFN=35 перевод на текущий учебный год уже осуществленн
2014122 23:48 В записе с MFN=36 перевод на текущий учебный год уже осуществленн
2014122 23:48 В записе с MFN=37 перевод на текущий учебный год уже осуществленн
2014122 23:48 В записе с MFN=38 перевод на текущий учебный год уже осуществленн
2014122 23:48 В записе с MFN=39 перевод на текущий учебный год уже осуществленн
2014122 23:48 В записе с MFN=40 перевод на текущий учебный год уже осуществленн
2014122 23:48 В записе с MFN=41 перевод на текущий учебный год уже осуществленн
2014122 23:48 В записе с MFN=42 перевод на текущий учебный год уже осуществленн
2014122 23:48 В записе с MFN=43 перевод на текущий учебный год уже осуществленн
2014122 23:48 В записе с MFN=44 перевод на текущий учебный год уже осуществленн
2014122 23:48 В записе с MFN=45 перевод на текущий учебный год уже осуществленн
2014122 23:48 В записе с MFN=46 перевод на текущий учебный год уже осуществленн
2014122 23:48 В записе с MFN=47 перевод на текущий учебный год уже осуществленн
2014122 23:48 В записе с MFN=48 перевод на текущий учебный год уже осуществленн
2014122 23:48 В записе с MFN=49 перевод на текущий учебный год уже осуществленн
2014122 23:48 В записе с MFN=50 перевод на текущий учебный год уже осуществленн
2014122 23:48 В записе с MFN=51 перевод на текущий учебный год уже осуществленн
2014122 23:48 В записе с MFN=52 перевод на текущий учебный год уже осуществленн
2014122 23:48 В записе с MFN=53 перевод на текущий учебный год уже осуществленн
2014122 23:48 В записе с MFN=54 перевод на текущий учебный год уже осуществленн
2014122 23:48 В записе с MFN=55 перевод на текущий учебный год уже осуществленн
2014122 23:48 В записе с MFN=56 перевод на текущий учебный год уже осуществленн
2014122 23:48 В записе с MFN=57 перевод на текущий учебный год уже осуществленн
2014122 23:48 В записе с MFN=58 перевод на текущий учебный год уже осуществленн
2014122 23:48 В записе с MFN=59 перевод на текущий учебный год уже осуществленн
2014122 23:48 В записе с MFN=60 перевод на текущий учебный год уже осуществленн
2014122 23:48 В записе с MFN=61 перевод на текущий учебный год уже осуществленн
2014122 23:48 В записе с MFN=62 перевод на текущий учебный год уже осуществленн
2014122 23:48 В записе с MFN=63 перевод на текущий учебный год уже осуществленн
2014122 23:48 В записе с MFN=64 перевод на текущий учебный год уже осуществленн
2014122 23:48 В записе с MFN=65 перевод на текущий учебный год уже осуществленн
2014122 23:48 В записе с MFN=66 перевод на текущий учебный год уже осуществленн
2014122 23:48 В записе с MFN=67 перевод на текущий учебный год уже осуществленн
2014122 23:48 В записе с MFN=68 перевод на текущий учебный год уже осуществленн
2014122 23:48 В записе с MFN=69 перевод на текущий учебный год уже осуществленн
2014122 23:48 В записе с MFN=70 перевод на текущий учебный год уже осуществленн
2014122 23:48 В записе с MFN=71 перевод на текущий учебный год уже осуществленн
2014122 23:48 В записе с MFN=72 перевод на текущий учебный год уже осуществленн
2014122 23:48 В записе с MFN=73 перевод на текущий учебный год уже осуществленн
2014122 23:48 В записе с MFN=74 перевод на текущий учебный год уже осуществленн
2014122 23:48 В записе с MFN=75 перевод на текущий учебный год уже осуществленн
2014122 23:48 В записе с MFN=76 перевод на текущий учебный год уже осуществленн
2014122 23:48 В записе с MFN=77 перевод на текущий учебный год уже осуществленн
2014122 23:48 В записе с MFN=78 перевод на текущий учебный год уже осуществленн
2014122 23:48 В записе с MFN=79 перевод на текущий учебный год уже осуществленн
2014122 23:48 В записе с MFN=80 перевод на текущий учебный год уже осуществленн
2014122 23:48 В записе с MFN=81 перевод на текущий учебный год уже осуществленн
2014122 23:48 В записе с MFN=82 перевод на текущий учебный год уже осуществленн
2014122 23:48 В записе с MFN=83 перевод на текущий учебный год уже осуществленн
2014122 23:48 В записе с MFN=84 перевод на текущий учебный год уже осуществленн
2014122 23:48 В записе с MFN=85 перевод на текущий учебный год уже осуществленн
2014122 23:48 В записе с MFN=86 перевод на текущий учебный год уже осуществленн
2014122 23:48 В записе с MFN=87 перевод на текущий учебный год уже осуществленн
2014122 23:48 В записе с MFN=88 перевод на текущий учебный год уже осуществленн
2014122 23:48 В записе с MFN=89 перевод на текущий учебный год уже осуществленн
2014122 23:48 В записе с MFN=90 перевод на текущий учебный год уже осуществленн
2014122 23:48 В записе с MFN=91 перевод на текущий учебный год уже осуществленн
2014122 23:48 В записе с MFN=92 перевод на текущий учебный год уже осуществленн
2014122 23:48 В записе с MFN=93 перевод на текущий учебный год уже осуществленн
2014122 23:48 В записе с MFN=94 перевод на текущий учебный год уже осуществленн
2014122 23:48 В записе с MFN=95 перевод на текущий учебный год уже осуществленн
2014122 23:48 В записе с MFN=96 перевод на текущий учебный год уже осуществленн
2014122 23:48 В записе с MFN=97 перевод на текущий учебный год уже осуществленн
2014122 23:48 В записе с MFN=98 перевод на текущий учебный год уже осуществленн
2014122 23:48 В записе с MFN=99 перевод на текущий учебный год уже осуществленн
2014122 23:48 В записе с MFN=100 перевод на текущий учебный год уже осуществленн
2014122 23:48 В записе с MFN=101 перевод на текущий учебный год уже осуществленн
2014122 23:48 В записе с MFN=102 перевод на текущий учебный год уже осуществленн
2014122 23:48 В записе с MFN=103 перевод на текущий учебный год уже осуществленн
2014122 23:48 В записе с MFN=104 перевод на текущий учебный год уже осуществленн
2014122 23:48 В записе с MFN=105 перевод на текущий учебный год уже осуществленн
2014122 23:48 В записе с MFN=106 перевод на текущий учебный год уже осуществленн
2014122 23:48 В записе с MFN=107 перевод на текущий учебный год уже осуществленн
2014122 23:48 В записе с MFN=108 перевод на текущий учебный год уже осуществленн
2014122 23:48 В записе с MFN=109 перевод на текущий учебный год уже осуществленн
2014122 23:48 В записе с MFN=110 перевод на текущий учебный год уже осуществленн
2014122 23:48 В записе с MFN=111 перевод на текущий учебный год уже осуществленн
2014122 23:48 В записе с MFN=112 перевод на текущий учебный год уже осуществленн
2014122 23:48 В записе с MFN=113 перевод на текущий учебный год уже осуществленн
2014122 23:48 В записе с MFN=114 перевод на текущий учебный год уже осуществленн
2014122 23:48 В записе с MFN=115 перевод на текущий учебный год уже осуществленн
2014122 23:48 ###############################
2014122 23:48 Читаем запись с MFN=116
2014122 23:48 Старое значение #19: 1 классы (2013-2014)
2014122 23:48 Новое значение  #19: 2  (2014-2015)
2014122 23:48 Поле 19 в записи с MFN=116 изменено
